p/yuuiuy.png 1 0 0 64 60
p/yluiliuyuuiu.png 1 0 0 76 60
p/yjytyjrrryyj.png 1 0 0 69 57
p/yjrtjyjrjjy.png 1 0 0 69 56
p/yjrjyjttrrrttr.png 1 0 0 82 80
p/werre.png 1 0 0 69 60
p/uyyutyu.png 1 0 0 81 63
p/uyyuluiui.png 1 0 0 50 40
p/uyytuyuyty.png 1 0 0 85 70
p/uyuy.png 1 0 0 32 29
p/uyutuyuyuyt.png 1 0 0 48 38
p/uytyyt.png 1 0 0 32 27
p/uykukku.png 1 0 0 48 50
p/utuyuy.png 1 0 0 46 29
p/urkkruku.png 1 0 0 59 62
p/uly.png 1 0 0 69 65
p/ukuy.png 1 0 0 37 41
p/ukukrku.png 1 0 0 47 47
p/ukrukukr.png 1 0 0 67 68
p/uiyiuliuly.png 1 0 0 68 49
p/uilyuyliu.png 1 0 0 37 39
p/uiluiiulyi.png 1 0 0 84 70
p/uilluuyu.png 1 0 0 61 35
p/uiiuliluil.png 1 0 0 60 57
p/tyytyyt.png 1 0 0 73 63
p/tyrtjtrrt.png 1 0 0 45 34
p/trtjtjjtr.png 1 0 0 83 91
p/ryruru.png 1 0 0 54 68
p/rykuukk.png 1 0 0 73 60
p/rykuuk.png 1 0 0 42 25
p/rykuk.png 1 0 0 34 28
p/ruuru.png 1 0 0 64 56
p/rurruk.png 1 0 0 52 52
p/rukurku.png 1 0 0 47 34
p/rukukk.png 1 0 0 39 33
p/rtjjyttrtyty.png 1 0 0 67 71
p/rkyku.png 1 0 0 29 31
p/rky.png 1 0 0 50 42
p/rkuyruyk.png 1 0 0 61 69
p/rkurukur.png 1 0 0 49 48
p/qrerer.png 1 0 0 68 66
p/luuiy.png 1 0 0 54 42
p/lulyyuu.png 1 0 0 36 36
p/luiuylyyi.png 1 0 0 60 53
p/luiuiiliul.png 1 0 0 46 53
p/lkl.png 1 0 0 32 28
p/liuuiyliu.png 1 0 0 27 45
p/liuiyiu.png 1 0 0 29 28
p/kuukry.png 1 0 0 47 51
p/kurkyru.png 1 0 0 38 38
p/kjghghghhj.png 1 0 0 38 38
p/kjggkk.png 1 0 0 46 54
p/jyyjyrryjyjr.png 1 0 0 44 31
p/jytrtyrtr.png 1 0 0 73 65
p/jtrrryj.png 1 0 0 29 25
p/jjffddfj.png 1 0 0 35 39
p/jfjdfdj.png 1 0 0 38 29
p/jfdjjdgdf.png 1 0 0 55 33
p/jfdfjjj.png 1 0 0 61 45
p/jdjdffj.png 1 0 0 59 45
p/jdfjdf.png 1 0 0 34 39
p/jdfgdffjg.png 1 0 0 44 46
p/jdfgddgf.png 1 0 0 36 36
p/jdffdjfjd.png 1 0 0 45 30
p/iyiului.png 1 0 0 65 59
p/iyiluliui.png 1 0 0 34 42
p/iyiluiuuy.png 1 0 0 68 59
p/iuluilui.png 1 0 0 29 30
p/iuiuliuluy.png 1 0 0 38 33
p/iluyliuli.png 1 0 0 72 63
p/iluuilyiulilu.png 1 0 0 72 58
p/iluilu.png 1 0 0 77 60
p/illuiy.png 1 0 0 24 31
p/hfdfgfg.png 1 0 0 62 50
p/hfddfdf.png 1 0 0 50 64
p/hdghgd.png 1 0 0 45 24
p/hdgfg.png 1 0 0 31 36
p/ghhgfgdfdh.png 1 0 0 42 48
p/ghghgf.png 1 0 0 30 48
p/ghgh.png 1 0 0 36 41
p/ghgfgd.png 1 0 0 73 66
p/fjdfjjjddfjd.png 1 0 0 48 49
p/fhfg.png 1 0 0 59 47
p/fdjjgjfdjd.png 1 0 0 48 41
p/fdjjgjdf.png 1 0 0 58 34
p/fdfhhgfg.png 1 0 0 68 46
p/ewr.png 1 0 0 83 44
p/djjdgjdgdjf.png 1 0 0 47 42
p/djfjdj.png 1 0 0 44 43
p/djfjdgjg.png 1 0 0 25 29
p/djffgggjf.png 1 0 0 53 43
p/djffgdfjddf.png 1 0 0 57 56
p/djfdfjjdfjf.png 1 0 0 36 40
p/djfdfj.png 1 0 0 44 40
p/djdjgdjf.png 1 0 0 53 51
p/dhjhhjhjjdfdf.png 1 0 0 53 48
p/dhhjhjdhdg.png 1 0 0 41 57
p/dghhggh.png 1 0 0 63 61
p/dghghgfh.png 1 0 0 32 57
p/dfjjjgj.png 1 0 0 58 46
p/dfjjgjf.png 1 0 0 37 25
p/dfjjfjgd.png 1 0 0 42 41
p/dfjjdjgdjg.png 1 0 0 45 38
p/dfjjdd.png 1 0 0 44 48
p/dfjdjfgjjg.png 1 0 0 61 47
p/dfjdfjd.png 1 0 0 49 49
p/dfhfh.png 1 0 0 51 36
p/dfgjdfj.png 1 0 0 41 32
p/dfdfjgjgdfjg.png 1 0 0 52 55
p/ddgfhgf.png 1 0 0 78 60
p/1588103416259.png 1 0 0 62 54