p/yyyy.png 1 0 0 180 294
p/yr.png 1 0 0 150 256
p/ykrur.png 1 0 0 166 269
p/uyykurk.png 1 0 0 111 229
p/uruykuykr.png 1 0 0 133 221
p/urkry.png 1 0 0 253 363
p/urkrukur.png 1 0 0 236 405
p/tuil.png 1 0 0 155 92
p/tliluutiliu.png 1 0 0 152 87
p/tiuiltilu.png 1 0 0 152 71
p/tititii.png 1 0 0 248 202
p/tiltilti.png 1 0 0 116 205
p/tililittiititlliu.png 1 0 0 111 57
p/tiliililtutil.png 1 0 0 123 55
p/ryuryrury.png 1 0 0 194 280
p/ryrurku.png 1 0 0 151 255
p/rykukukyyr.png 1 0 0 188 250
p/ry.png 1 0 0 252 350
p/ruurur.png 1 0 0 166 274
p/rukukr.png 1 0 0 211 361
p/ru.png 1 0 0 130 255
p/rryu.png 1 0 0 243 338
p/rruyrwr.png 1 0 0 148 142
p/rjru.png 1 0 0 177 273
p/r.png 1 0 0 230 335
p/lt.png 1 0 0 90 56
p/kuyuyuyr.png 1 0 0 149 240
p/kuyuky.png 1 0 0 118 249
p/kuyruky.png 1 0 0 83 167
p/kurruyku.png 1 0 0 139 357
p/kassd.png 1 0 0 231 378
p/ety.png 1 0 0 140 119
p/dhgdghdghghhfgh.png 1 0 0 97 123
p/dhdgdgdgh.png 1 0 0 79 124
p/dghdfhgddghddgh.png 1 0 0 124 130
p/dghddg.png 1 0 0 96 124
p/dgghghfgftjrjtryj.png 1 0 0 83 66
p/dfghgf.png 1 0 0 91 64
p/dfgfhgddgh.png 1 0 0 91 136
p/dfgdfgdhhgd.png 1 0 0 99 192
p/ytjjyjyyjyryj.png 1 0 0 108 121
p/yjyryrjrjtrj.png 1 0 0 90 53
p/trjtyjjtrjyr.png 1 0 0 83 56
p/sgdfdsdfdf.png 1 0 0 75 118
p/sdgsgfsgd.png 1 0 0 124 158
p/sdfgfssdf.png 1 0 0 71 124
p/sdffggffg.png 1 0 0 70 128
p/1588117967706.png 1 0 0 122 164
p/ryjyjyrjt.png 1 0 0 110 130
p/rtjyyjyj.png 1 0 0 108 110
p/rtjjtj.png 1 0 0 91 135
p/jyjyjyyjyryyjyryr.png 1 0 0 97 105
p/jjyjjyrrt.png 1 0 0 98 100
p/jhtdjdt.png 1 0 0 161 103
p/jhjgf.png 1 0 0 132 182
p/jhfjgjhj.png 1 0 0 103 133
p/jhfgfghgjh.png 1 0 0 88 117
p/jfjhj.png 1 0 0 71 52
p/jfjggj.png 1 0 0 91 125
p/jfgfgfgfg.png 1 0 0 89 64
p/jffhfg.png 1 0 0 152 190
p/jdjd.png 1 0 0 259 142
p/hjjhjhhffh.png 1 0 0 85 128
p/hjhjf.png 1 0 0 73 66
p/hjhfhjhj.png 1 0 0 90 110
p/hjgjff.png 1 0 0 94 125
p/hjghfgfg.png 1 0 0 89 103
p/hjgfgfggh.png 1 0 0 140 195
p/hjfhhjhj.png 1 0 0 92 101
p/hgjjhjh.png 1 0 0 98 60
p/hghjhjhj.png 1 0 0 106 61
p/hghghghggf.png 1 0 0 101 117
p/hghgghgh.png 1 0 0 81 158
p/hgghddg.png 1 0 0 93 66
p/hgfjffhhg.png 1 0 0 74 119
p/hgdhgdghdgdh.png 1 0 0 107 72
p/gsfsdf.png 1 0 0 99 146
p/ghjhgfgf.png 1 0 0 75 130
p/ghjfgfg.png 1 0 0 62 110
p/ghhg.png 1 0 0 147 81
p/ghfjhj.png 1 0 0 85 68
p/gfjjhg.png 1 0 0 81 37
p/gfjhjhjg.png 1 0 0 115 132
p/gfjhjfgfg.png 1 0 0 69 113
p/gfhjhhj.png 1 0 0 88 65
p/gdssdffd.png 1 0 0 129 160
p/gdhghgghghd.png 1 0 0 105 128
p/fjjjhjh.png 1 0 0 137 173
p/fjjh.png 1 0 0 88 115
p/fjfhhgf.png 1 0 0 77 125
p/fhjhjjhj.png 1 0 0 102 51
p/fhhjfj.png 1 0 0 81 69
p/fgjjfgfg.png 1 0 0 95 156
p/fgjggjjh.png 1 0 0 89 55
p/fghjjhhhf.png 1 0 0 103 132
p/fghjjhffgh.png 1 0 0 210 174
p/fghjjh.png 1 0 0 79 107
p/fghjhhjgh.png 1 0 0 90 137
p/fghjhhhj.png 1 0 0 143 173
p/Z.jpg 1 0 0 265 190
p/yui.png 1 0 0 231 373
p/yu.png 1 0 0 279 367
p/yitkit.png 1 0 0 116 48
p/we.png 1 0 0 171 273
p/ukurru.png 1 0 0 147 81
p/ujj.png 1 0 0 185 247
p/t.png 1 0 0 285 356
p/square-head-mahcine-bolt-1[1].png 1 0 0 900 900
p/sasf.png 1 0 0 176 131
p/ruuk.png 1 0 0 184 104
p/rurururuukku.png 1 0 0 161 103
p/rukiit.png 1 0 0 190 91
p/rt.png 1 0 0 294 385
p/kuruuk.png 1 0 0 122 164
p/jur.png 1 0 0 103 165
p/jk.png 1 0 0 203 292
p/jigtt.png 1 0 0 166 164
p/jgkjytd.png 1 0 0 551 398
p/ityu.png 1 0 0 169 128
p/itl.png 1 0 0 168 196
p/h.png 1 0 0 150 257
p/gjggj.png 1 0 0 216 128
p/FIX732.jpg 1 0 0 391 450
p/ewtr.png 1 0 0 134 172
p/bnm.png 1 0 0 216 270
p/adrau.png 1 0 0 160 90
p/adg.png 1 0 0 208 133
p/9k_.jpg 1 0 0 262 192
p/5391193102516[1].jpg 1 0 0 497 497
p/5391193101588[1].jpg 1 0 0 3000 1993
p/4BU93_AS01[1].jpg 1 0 0 300 300
p/365-219[1].jpg 1 0 0 800 800
p/2Q__.jpg 1 0 0 276 183
p/1587943357450.png 1 0 0 259 142
p/1587934698436.png 1 0 0 273 363
p/1587934582107.png 1 0 0 237 272
p/1587934565491.png 1 0 0 170 308
p/1587863887752.jpg 1 0 0 225 224
p/1587863887750.jpg 1 0 0 270 186
p/1587863887749.jpg 1 0 0 225 225
p/1587863887748.jpg 1 0 0 225 225
p/1587863887744.jpg 1 0 0 316 160
p/1587863887743.jpg 1 0 0 243 208
p/1587863887741.jpg 1 0 0 225 225
p/1587863887738.jpg 1 0 0 225 225
p/1587863887736.jpg 1 0 0 259 194
p/1587863887735.jpg 1 0 0 181 278
p/1587863887732.jpg 1 0 0 302 167
p/1587863887727.jpg 1 0 0 225 225
p/1587863887726.jpg 1 0 0 285 177
p/1587863887725.jpg 1 0 0 270 187
p/1587863887721.jpg 1 0 0 225 225
p/1587863887684.jpg 1 0 0 225 225